2026-02-24 09:46:33,441 - INFO - SERVER STARTED SUCCESSFULLY
2026-02-24 09:46:35,547 - INFO - SERVER STARTED SUCCESSFULLY
2026-02-24 09:47:57,894 - INFO - User created successfully email=ibrahim.id-wahman.06@edu.uiz.ac.ma
2026-02-24 09:48:57,062 - INFO - SERVER STARTED SUCCESSFULLY
2026-02-24 09:49:06,382 - INFO - SERVER STARTED SUCCESSFULLY
2026-02-24 09:50:12,808 - INFO - SERVER STARTED SUCCESSFULLY
2026-02-24 09:54:23,625 - INFO - SERVER STARTED SUCCESSFULLY
2026-02-24 09:54:25,265 - INFO - SERVER STARTED SUCCESSFULLY
2026-02-24 09:55:11,764 - INFO - SERVER STARTED SUCCESSFULLY
2026-02-24 09:55:51,538 - INFO - SERVER STARTED SUCCESSFULLY
2026-03-10 12:56:47,541 - INFO - SERVER STARTED SUCCESSFULLY
2026-03-10 12:56:49,500 - INFO - SERVER STARTED SUCCESSFULLY
2026-03-10 15:26:19,902 - INFO - SERVER STARTED SUCCESSFULLY
2026-03-10 16:56:41,054 - INFO - User created successfully email=zd@gmaid
2026-03-10 16:57:26,409 - INFO - SERVER STARTED SUCCESSFULLY
2026-03-10 17:01:25,764 - INFO - SERVER STARTED SUCCESSFULLY
2026-03-10 17:01:27,478 - INFO - SERVER STARTED SUCCESSFULLY
2026-03-10 17:01:39,330 - INFO - User created successfully email=eldoradogpt2025@gmail.com
2026-03-10 17:02:01,035 - INFO - SERVER STARTED SUCCESSFULLY
2026-03-10 17:02:09,866 - INFO - SERVER STARTED SUCCESSFULLY
2026-03-10 17:02:13,381 - INFO - SERVER STARTED SUCCESSFULLY
2026-03-10 17:03:12,584 - INFO - SERVER STARTED SUCCESSFULLY
2026-03-10 17:03:16,425 - INFO - SERVER STARTED SUCCESSFULLY
2026-03-10 17:03:56,445 - INFO - User created successfully email=azdazd@azdadz
2026-03-10 17:05:29,506 - INFO - User created successfully email=1234@g
2026-03-10 17:06:43,559 - INFO - SERVER STARTED SUCCESSFULLY
2026-03-10 17:07:03,970 - INFO - SERVER STARTED SUCCESSFULLY
2026-03-10 17:07:41,890 - INFO - SERVER STARTED SUCCESSFULLY
2026-03-10 17:07:44,858 - INFO - SERVER STARTED SUCCESSFULLY
2026-03-10 17:08:41,027 - INFO - SERVER STARTED SUCCESSFULLY
2026-03-10 17:09:26,958 - INFO - SERVER STARTED SUCCESSFULLY
